2024-01-12 21:05:22	
{"@timestamp":"2024-01-12T20:05:22.301860459Z","@version":"1","message":"\n\n***************************\nAPPLICATION FAILED TO START\n***************************\n\nDescription:\n\nFailed to configure a DataSource: 'url' attribute is not specified and no embedded datasource could be configured.\n\nReason: Failed to determine a suitable driver class\n\n\nAction:\n\nConsider the following:\n\tIf you want an embedded database (H2, HSQL or Derby), please put it on the classpath.\n\tIf you have database settings to be loaded from a particular profile you may need to activate it (no profiles are currently active).\n","logger_name":"org.springframework.boot.diagnostics.LoggingFailureAnalysisReporter","thread_name":"main","level":"ERROR","level_value":40000}
2024-01-12 21:05:22	
{"@timestamp":"2024-01-12T20:05:22.284393509Z","@version":"1","message":"\n\nError starting ApplicationContext. To display the condition evaluation report re-run your application with 'debug' enabled.","logger_name":"org.springframework.boot.autoconfigure.logging.ConditionEvaluationReportLogger","thread_name":"main","level":"INFO","level_value":20000}
2024-01-12 21:05:22	
{"@timestamp":"2024-01-12T20:05:22.097404007Z","@version":"1","message":"Stopping service [Tomcat]","logger_name":"org.apache.catalina.core.StandardService","thread_name":"main","level":"INFO","level_value":20000}
2024-01-12 21:05:22	
{"@timestamp":"2024-01-12T20:05:22.093311593Z","@version":"1","message":"Exception encountered during context initialization - cancelling refresh attempt: org.springframework.beans.factory.UnsatisfiedDependencyException: Error creating bean with name 'dataSourceScriptDatabaseInitializer' defined in class path resource [org/springframework/boot/autoconfigure/sql/init/DataSourceInitializationConfiguration.class]: Unsatisfied dependency expressed through method 'dataSourceScriptDatabaseInitializer' parameter 0: Error creating bean with name 'dataSource' defined in class path resource [org/springframework/boot/autoconfigure/jdbc/DataSourceConfiguration$Hikari.class]: Failed to instantiate [com.zaxxer.hikari.HikariDataSource]: Factory method 'dataSource' threw exception with message: Failed to determine a suitable driver class","logger_name":"org.springframework.boot.web.servlet.context.AnnotationConfigServletWebServerApplicationContext","thread_name":"main","level":"WARN","level_value":30000}
2024-01-12 21:05:21	
{"@timestamp":"2024-01-12T20:05:21.397892937Z","@version":"1","message":"Root WebApplicationContext: initialization completed in 6308 ms","logger_name":"org.springframework.boot.web.servlet.context.ServletWebServerApplicationContext","thread_name":"main","level":"INFO","level_value":20000}
2024-01-12 21:05:21	
{"@timestamp":"2024-01-12T20:05:21.396642033Z","@version":"1","message":"Initializing Spring embedded WebApplicationContext","logger_name":"org.apache.catalina.core.ContainerBase.[Tomcat].[localhost].[/]","thread_name":"main","level":"INFO","level_value":20000}
2024-01-12 21:05:21	
{"@timestamp":"2024-01-12T20:05:21.203330978Z","@version":"1","message":"Starting Servlet engine: [Apache Tomcat/10.1.16]","logger_name":"org.apache.catalina.core.StandardEngine","thread_name":"main","level":"INFO","level_value":20000}
2024-01-12 21:05:21	
{"@timestamp":"2024-01-12T20:05:21.203060977Z","@version":"1","message":"Starting service [Tomcat]","logger_name":"org.apache.catalina.core.StandardService","thread_name":"main","level":"INFO","level_value":20000}
2024-01-12 21:05:21	
{"@timestamp":"2024-01-12T20:05:21.195167051Z","@version":"1","message":"Initializing ProtocolHandler [\"http-nio-8080\"]","logger_name":"org.apache.coyote.http11.Http11NioProtocol","thread_name":"main","level":"INFO","level_value":20000}
2024-01-12 21:05:21	
{"@timestamp":"2024-01-12T20:05:21.112046969Z","@version":"1","message":"Tomcat initialized with port(s): 8080 (http)","logger_name":"org.springframework.boot.web.embedded.tomcat.TomcatWebServer","thread_name":"main","level":"INFO","level_value":20000}
2024-01-12 21:05:18	
{"@timestamp":"2024-01-12T20:05:18.978048474Z","@version":"1","message":"Finished Spring Data repository scanning in 172 ms. Found 1 JPA repository interface.","logger_name":"org.springframework.data.repository.config.RepositoryConfigurationDelegate","thread_name":"main","level":"INFO","level_value":20000}
2024-01-12 21:05:18	
{"@timestamp":"2024-01-12T20:05:18.793996651Z","@version":"1","message":"Bootstrapping Spring Data JPA repositories in DEFAULT mode.","logger_name":"org.springframework.data.repository.config.RepositoryConfigurationDelegate","thread_name":"main","level":"INFO","level_value":20000}
2024-01-12 21:05:14	
{"@timestamp":"2024-01-12T20:05:14.883232803Z","@version":"1","message":"No active profile set, falling back to 1 default profile: \"default\"","logger_name":"hu.cubix.cloud.TrainingDbApplication","thread_name":"main","level":"INFO","level_value":20000}
2024-01-12 21:05:14	
{"@timestamp":"2024-01-12T20:05:14.811113559Z","@version":"1","message":"Starting TrainingDbApplication v1.0.0-SNAPSHOT using Java 17.0.9 with PID 10 (/opt/app/app.jar started by ? in /opt/app)","logger_name":"hu.cubix.cloud.TrainingDbApplication","thread_name":"main","level":"INFO","level_value":20000}
2024-01-12 21:05:14	
2024-01-12 21:05:14	
 :: Spring Boot ::                (v3.1.6)
2024-01-12 21:05:14	
 =========|_|==============|___/=/_/_/_/
2024-01-12 21:05:14	
  '  |____| .__|_| |_|_| |_\__, | / / / /
2024-01-12 21:05:14	
 \\/  ___)| |_)| | | | | || (_| |  ) ) ) )
2024-01-12 21:05:14	
( ( )\___ | '_ | '_| | '_ \/ _` | \ \ \ \
2024-01-12 21:05:14	
 /\\ / ___'_ __ _ _(_)_ __  __ _ \ \ \ \
2024-01-12 21:05:14	
  .   ____          _            __ _ _
2024-01-12 21:05:14	
2024-01-12 21:05:11	
[otel.javaagent 2024-01-12 20:05:11:375 +0000] [main] INFO io.opentelemetry.javaagent.shaded.instrumentation.jmx.engine.JmxMetricInsight - Empty JMX configuration, no metrics will be collected for InstrumentationScope io.opentelemetry.jmx
2024-01-12 21:05:07	
[otel.javaagent 2024-01-12 20:05:07:682 +0000] [main] INFO io.opentelemetry.javaagent.tooling.VersionLogger - opentelemetry-javaagent - version: 1.20.2
2024-01-12 21:05:07	
OpenJDK 64-Bit Server VM warning: Sharing is only supported for boot loader classes because bootstrap classpath has been appended
